Using pre-set license
Built from '2020.2/release' branch; Version is '2020.2.1f1 (270dd8c3da1c) revision 2559448'; Using compiler version '192528614'; Build Type 'Release'
OS: 'Windows 10  (10.0.0) 64bit' Language: 'pt' Physical Memory: 16296 MB
BatchMode: 1, IsHumanControllingUs: 0, StartBugReporterOnCrash: 0, Is64bit: 1, IsPro: 0

 COMMAND LINE ARGUMENTS:
C:\Program Files\Unity\Hub\Editor\2020.2.1f1\Editor\Unity.exe
-adb2
-batchMode
-noUpm
-name
AssetImportWorker0
-projectPath
C:/_projetos/FACENS/MULTIPLAYER/MultiplayerFPSProject/Multiplayer FPS
-logFile
Logs/AssetImportWorker0.log
-srvPort
61152
Successfully changed project path to: C:/_projetos/FACENS/MULTIPLAYER/MultiplayerFPSProject/Multiplayer FPS
C:/_projetos/FACENS/MULTIPLAYER/MultiplayerFPSProject/Multiplayer FPS
Using Asset Import Pipeline V2.
Refreshing native plugins compatible for Editor in 65.80 ms, found 0 plugins.
Preloading 0 native plugins for Editor in 0.00 ms.
Initialize engine version: 2020.2.1f1 (270dd8c3da1c)
[Subsystems] Discovering subsystems at path C:/Program Files/Unity/Hub/Editor/2020.2.1f1/Editor/Data/Resources/UnitySubsystems
[Subsystems] Discovering subsystems at path C:/_projetos/FACENS/MULTIPLAYER/MultiplayerFPSProject/Multiplayer FPS/Assets
GfxDevice: creating device client; threaded=0
Direct3D:
    Version:  Direct3D 11.0 [level 11.0]
    Renderer: NVIDIA GeForce GTX 960M (ID=0x139b)
    Vendor:   
    VRAM:     4055 MB
    Driver:   27.21.14.6172
Initialize mono
Mono path[0] = 'C:/Program Files/Unity/Hub/Editor/2020.2.1f1/Editor/Data/Managed'
Mono path[1] = 'C:/Program Files/Unity/Hub/Editor/2020.2.1f1/Editor/Data/MonoBleedingEdge/lib/mono/unityjit'
Mono config path = 'C:/Program Files/Unity/Hub/Editor/2020.2.1f1/Editor/Data/MonoBleedingEdge/etc'
Using monoOptions --debugger-agent=transport=dt_socket,embedding=1,server=y,suspend=n,address=127.0.0.1:56264
Begin MonoManager ReloadAssembly
Registering precompiled unity dll's ...
Register platform support module: C:/Program Files/Unity/Hub/Editor/2020.2.1f1/Editor/Data/PlaybackEngines/WebGLSupport/UnityEditor.WebGL.Extensions.dll
Register platform support module: C:/Program Files/Unity/Hub/Editor/2020.2.1f1/Editor/Data/PlaybackEngines/WindowsStandaloneSupport/UnityEditor.WindowsStandalone.Extensions.dll
Registered in 0.007284 seconds.
Native extension for WindowsStandalone target not found
Native extension for WebGL target not found
Refreshing native plugins compatible for Editor in 59.74 ms, found 0 plugins.
Preloading 0 native plugins for Editor in 0.00 ms.
Invoked RoslynAnalysisRunner static constructor.
RoslynAnalysisRunner will not be running.
RoslynAnalysisRunner has terminated.
Mono: successfully reloaded assembly
- Completed reload, in  3.568 seconds
Platform modules already initialized, skipping
Registering precompiled user dll's ...
Registered in 0.005682 seconds.
Begin MonoManager ReloadAssembly
Native extension for WindowsStandalone target not found
Native extension for WebGL target not found
Refreshing native plugins compatible for Editor in 0.56 ms, found 0 plugins.
Preloading 0 native plugins for Editor in 0.00 ms.
Invoked RoslynAnalysisRunner static constructor.
RoslynAnalysisRunner will not be running.
RoslynAnalysisRunner has terminated.
Mono: successfully reloaded assembly
- Completed reload, in  1.563 seconds
Platform modules already initialized, skipping
========================================================================
Worker process is ready to serve import requests
Launched and connected shader compiler UnityShaderCompiler.exe after 0.05 seconds
Refreshing native plugins compatible for Editor in 0.55 ms, found 0 plugins.
Preloading 0 native plugins for Editor in 0.00 ms.
Unloading 1345 Unused Serialized files (Serialized files now loaded: 0)
System memory in use before: 64.8 MB.
System memory in use after: 64.9 MB.

Unloading 15 unused Assets to reduce memory usage. Loaded Objects now: 1780.
Total: 3.190900 ms (FindLiveObjects: 0.783800 ms CreateObjectMapping: 0.118300 ms MarkObjects: 2.215800 ms  DeleteObjects: 0.070900 ms)

========================================================================
Received Import Request.
  path: Assets/Photon/PhotonUnityNetworking/Resources/PhotonServerSettings.asset
  artifactKey: Guid(a95d938f817893e4e927b86aca0b7779) Importer(815301076,1909f56bfc062723c751e8b465ee728b)
Start importing Assets/Photon/PhotonUnityNetworking/Resources/PhotonServerSettings.asset using Guid(a95d938f817893e4e927b86aca0b7779) Importer(815301076,1909f56bfc062723c751e8b465ee728b)  -> (artifact id: 'c77cd39bd76bb9c8bb2d2add1e28ec47') in 0.077244 seconds
  Import took 0.080723 seconds .

========================================================================
Received Import Request.
  Time since last request: 5.949730 seconds.
  path: Assets/Scenes
  artifactKey: Guid(a9679492c7fff2d41bfa2c7da6ec6976) Importer(815301076,1909f56bfc062723c751e8b465ee728b)
Start importing Assets/Scenes using Guid(a9679492c7fff2d41bfa2c7da6ec6976) Importer(815301076,1909f56bfc062723c751e8b465ee728b)  -> (artifact id: 'a12081472ed1e578c3f96317745a5e5a') in 0.011163 seconds
  Import took 0.016166 seconds .

========================================================================
Received Import Request.
  Time since last request: 1.103048 seconds.
  path: Assets/Scenes/Menu Inicial.unity
  artifactKey: Guid(3244599bc26c91042ad24d50077a185b) Importer(815301076,1909f56bfc062723c751e8b465ee728b)
Start importing Assets/Scenes/Menu Inicial.unity using Guid(3244599bc26c91042ad24d50077a185b) Importer(815301076,1909f56bfc062723c751e8b465ee728b)  -> (artifact id: '2c9bc0d3a612a1f68416ed484abf8248') in 0.011965 seconds
  Import took 0.015365 seconds .

========================================================================
Received Import Request.
  Time since last request: 2.415892 seconds.
  path: Assets/Scenes/CenarioPartida.unity
  artifactKey: Guid(9f43cc59883c9f242833ff9ab627bac9) Importer(815301076,1909f56bfc062723c751e8b465ee728b)
Start importing Assets/Scenes/CenarioPartida.unity using Guid(9f43cc59883c9f242833ff9ab627bac9) Importer(815301076,1909f56bfc062723c751e8b465ee728b)  -> (artifact id: '2f1026a4c5993fbf24055055b0f02d8f') in 0.012494 seconds
  Import took 0.016281 seconds .

========================================================================
Received Prepare
Registering precompiled user dll's ...
Registered in 0.004352 seconds.
Begin MonoManager ReloadAssembly
Native extension for WindowsStandalone target not found
Native extension for WebGL target not found
Refreshing native plugins compatible for Editor in 0.56 ms, found 0 plugins.
Preloading 0 native plugins for Editor in 0.00 ms.
Invoked RoslynAnalysisRunner static constructor.
RoslynAnalysisRunner will not be running.
RoslynAnalysisRunner has terminated.
Mono: successfully reloaded assembly
- Completed reload, in  1.328 seconds
Platform modules already initialized, skipping
Refreshing native plugins compatible for Editor in 0.63 ms, found 0 plugins.
Preloading 0 native plugins for Editor in 0.00 ms.
Unloading 1337 Unused Serialized files (Serialized files now loaded: 0)
System memory in use before: 64.6 MB.
System memory in use after: 64.7 MB.

Unloading 9 unused Assets to reduce memory usage. Loaded Objects now: 1783.
Total: 2.426500 ms (FindLiveObjects: 0.180200 ms CreateObjectMapping: 0.063700 ms MarkObjects: 2.158500 ms  DeleteObjects: 0.022800 ms)

AssetImportWorkerClient::OnTransportError - code=2 error=End of file
